[ 2024/07/25 00:46:06:547 ]	Success to Image load!
[ 2024/07/25 00:46:08:950 ]	Success to Image Blur(OpenCV)
[ 2024/07/25 00:46:08:964 ]	Success to Image Blur(Implement)
[ 2024/07/25 00:46:10:393 ]	Success to Image Save
[ 2024/07/25 00:46:12:154 ]	Success to Image Save
[ 2024/07/25 00:46:18:903 ]	Success to Image Matching
[ 2024/07/25 01:38:03:260 ]	Success to Image load!
[ 2024/07/25 01:38:38:304 ]	[Read] Image File Open Error!
[ 2024/07/25 01:38:39:518 ]	[Read] Image File Open Error!
[ 2024/07/25 01:39:15:732 ]	[Read] Image File Open Error!
[ 2024/07/25 01:39:17:719 ]	[Read] Image File Open Error!
[ 2024/07/25 01:40:03:891 ]	[Read] Image File Open Error!
[ 2024/07/25 01:40:25:045 ]	[Read] Image File Open Error!
[ 2024/07/25 01:41:32:632 ]	Success to Image load!
[ 2024/07/25 01:41:34:232 ]	Success to Image Blur(OpenCV)
[ 2024/07/25 01:41:34:596 ]	Success to Image Blur(Implement)
[ 2024/07/25 08:00:56:239 ]	Success to Image load!
[ 2024/07/25 08:00:57:767 ]	Success to Image Blur(OpenCV)
[ 2024/07/25 08:00:58:165 ]	Success to Image Blur(Implement)
[ 2024/07/25 08:01:08:561 ]	Success to Image Matching
